0 info it worked if it ends with ok
1 verbose cli [ '/opt/node/bin/node', '/opt/node/bin/npm', 'install', '-g', 'n' ]
2 info using npm@2.7.4
3 info using node@v0.12.2
4 silly cache add args [ 'n', null ]
5 verbose cache add spec n
6 silly cache add parsed spec { raw: 'n',
6 silly cache add   scope: null,
6 silly cache add   name: 'n',
6 silly cache add   rawSpec: '',
6 silly cache add   spec: '*',
6 silly cache add   type: 'range' }
7 verbose addNamed n@*
8 silly addNamed semver.valid null
9 silly addNamed semver.validRange *
10 silly addNameRange { name: 'n', range: '*', hasData: false }
11 silly mapToRegistry name n
12 silly mapToRegistry using default registry
13 silly mapToRegistry registry https://registry.npmjs.org/
14 silly mapToRegistry uri https://registry.npmjs.org/n
15 verbose addNameRange registry:https://registry.npmjs.org/n not in flight; fetching
16 verbose request uri https://registry.npmjs.org/n
17 verbose request no auth needed
18 info attempt registry request try #1 at 10:45:46 PM
19 verbose request id fdb30060459d2acd
20 verbose etag "8L0JD9H7IDVVR0ZUW2T77BG7C"
21 http request GET https://registry.npmjs.org/n
22 http 304 https://registry.npmjs.org/n
23 silly get cb [ 304,
23 silly get   { date: 'Thu, 21 Jan 2016 14:45:28 GMT',
23 silly get     via: '1.1 varnish',
23 silly get     'cache-control': 'max-age=300',
23 silly get     etag: '"8L0JD9H7IDVVR0ZUW2T77BG7C"',
23 silly get     age: '73',
23 silly get     connection: 'keep-alive',
23 silly get     'x-served-by': 'cache-hkg6820-HKG',
23 silly get     'x-cache': 'HIT',
23 silly get     'x-cache-hits': '2',
23 silly get     'x-timer': 'S1453387528.002616,VS0,VE0',
23 silly get     vary: 'Accept' } ]
24 verbose etag https://registry.npmjs.org/n from cache
25 verbose get saving n to /home/ninger/.npm/registry.npmjs.org/n/.cache.json
26 silly addNameRange number 2 { name: 'n', range: '*', hasData: true }
27 silly addNameRange versions [ 'n',
27 silly addNameRange   [ '0.0.1',
27 silly addNameRange     '0.0.2',
27 silly addNameRange     '0.0.3',
27 silly addNameRange     '0.0.4',
27 silly addNameRange     '0.1.0',
27 silly addNameRange     '0.1.1',
27 silly addNameRange     '0.1.2',
27 silly addNameRange     '0.2.0',
27 silly addNameRange     '0.2.1',
27 silly addNameRange     '0.2.2',
27 silly addNameRange     '0.3.0',
27 silly addNameRange     '0.4.0',
27 silly addNameRange     '0.4.1',
27 silly addNameRange     '0.4.2',
27 silly addNameRange     '0.5.0',
27 silly addNameRange     '0.5.1',
27 silly addNameRange     '0.5.2',
27 silly addNameRange     '0.5.3',
27 silly addNameRange     '0.5.4',
27 silly addNameRange     '0.6.0',
27 silly addNameRange     '0.6.1',
27 silly addNameRange     '0.7.0',
27 silly addNameRange     '0.7.1',
27 silly addNameRange     '0.7.2',
27 silly addNameRange     '0.7.3',
27 silly addNameRange     '0.8.0',
27 silly addNameRange     '0.8.1',
27 silly addNameRange     '0.8.2',
27 silly addNameRange     '0.9.0',
27 silly addNameRange     '0.9.1',
27 silly addNameRange     '0.9.2',
27 silly addNameRange     '0.9.3',
27 silly addNameRange     '1.0.0',
27 silly addNameRange     '1.1.0',
27 silly addNameRange     '1.2.1',
27 silly addNameRange     '1.2.2',
27 silly addNameRange     '1.2.3',
27 silly addNameRange     '1.2.4',
27 silly addNameRange     '1.2.5',
27 silly addNameRange     '1.2.6',
27 silly addNameRange     '1.2.7',
27 silly addNameRange     '1.2.8',
27 silly addNameRange     '1.2.9',
27 silly addNameRange     '1.2.11',
27 silly addNameRange     '1.2.13',
27 silly addNameRange     '1.2.14',
27 silly addNameRange     '1.3.0',
27 silly addNameRange     '1.4.0',
27 silly addNameRange     '2.0.0',
27 silly addNameRange     '1.4.1',
27 silly addNameRange     '2.0.1',
27 silly addNameRange     '1.4.2',
27 silly addNameRange     '2.0.2',
27 silly addNameRange     '2.1.0' ] ]
28 verbose addNamed n@2.1.0
29 silly addNamed semver.valid 2.1.0
30 silly addNamed semver.validRange 2.1.0
31 silly cache afterAdd n@2.1.0
32 verbose afterAdd /home/ninger/.npm/n/2.1.0/package/package.json not in flight; writing
33 verbose afterAdd /home/ninger/.npm/n/2.1.0/package/package.json written
34 silly install resolved [ { name: 'n',
34 silly install resolved     description: 'Interactively Manage All Your Node Versions',
34 silly install resolved     version: '2.1.0',
34 silly install resolved     author: { name: 'TJ Holowaychuk', email: 'tj@vision-media.ca' },
34 silly install resolved     homepage: 'https://github.com/tj/n',
34 silly install resolved     bugs: { url: 'https://github.com/tj/n/issues' },
34 silly install resolved     contributors: [ [Object], [Object], [Object] ],
34 silly install resolved     keywords:
34 silly install resolved      [ 'nvm',
34 silly install resolved        'node',
34 silly install resolved        'version',
34 silly install resolved        'manager',
34 silly install resolved        'switcher',
34 silly install resolved        'node',
34 silly install resolved        'binary',
34 silly install resolved        'env' ],
34 silly install resolved     bin: { n: './bin/n' },
34 silly install resolved     repository: { type: 'git', url: 'git://github.com/tj/n.git' },
34 silly install resolved     preferGlobal: true,
34 silly install resolved     os: [ '!win32' ],
34 silly install resolved     engines: { node: '*' },
34 silly install resolved     license: 'MIT',
34 silly install resolved     gitHead: '17ef0bf936c9ddb57b174d79f81ae04d8257883e',
34 silly install resolved     _id: 'n@2.1.0',
34 silly install resolved     scripts: {},
34 silly install resolved     _shasum: '4fc736dc18291e464c79fda9ef8faf21e6e1a679',
34 silly install resolved     _from: 'n@*',
34 silly install resolved     _npmVersion: '3.3.12',
34 silly install resolved     _nodeVersion: '5.3.0',
34 silly install resolved     _npmUser: { name: 'qw3rtman', email: 'me@nimit.io' },
34 silly install resolved     dist:
34 silly install resolved      { shasum: '4fc736dc18291e464c79fda9ef8faf21e6e1a679',
34 silly install resolved        tarball: 'http://registry.npmjs.org/n/-/n-2.1.0.tgz' },
34 silly install resolved     maintainers: [ [Object], [Object], [Object], [Object], [Object], [Object] ],
34 silly install resolved     directories: {},
34 silly install resolved     _resolved: 'https://registry.npmjs.org/n/-/n-2.1.0.tgz',
34 silly install resolved     readme: 'ERROR: No README data found!' } ]
35 info install n@2.1.0 into /opt/node/lib
36 info installOne n@2.1.0
37 verbose installOne of n to /opt/node/lib not in flight; installing
38 warn locking Error: EACCES, open '/home/ninger/.npm/_locks/n-cd49c8cc9bb42ff6.lock'
38 warn locking     at Error (native)
38 warn locking  /home/ninger/.npm/_locks/n-cd49c8cc9bb42ff6.lock failed { [Error: EACCES, open '/home/ninger/.npm/_locks/n-cd49c8cc9bb42ff6.lock']
38 warn locking   errno: -13,
38 warn locking   code: 'EACCES',
38 warn locking   path: '/home/ninger/.npm/_locks/n-cd49c8cc9bb42ff6.lock' }
39 verbose stack Error: Attempt to unlock /opt/node/lib/node_modules/n, which hasn't been locked
39 verbose stack     at unlock (/opt/node/lib/node_modules/npm/lib/utils/locker.js:66:11)
39 verbose stack     at cb (/opt/node/lib/node_modules/npm/lib/install.js:1004:5)
39 verbose stack     at /opt/node/lib/node_modules/npm/lib/install.js:1008:20
39 verbose stack     at /opt/node/lib/node_modules/npm/lib/utils/locker.js:40:9
39 verbose stack     at cb (/opt/node/lib/node_modules/npm/node_modules/lockfile/lockfile.js:149:38)
39 verbose stack     at /opt/node/lib/node_modules/npm/node_modules/lockfile/lockfile.js:177:38
39 verbose stack     at FSReqWrap.oncomplete (fs.js:95:15)
40 verbose cwd /home/ninger/workspace/www/learn-ci-egcode
41 error Linux 3.16.0-57-generic
42 error argv "/opt/node/bin/node" "/opt/node/bin/npm" "install" "-g" "n"
43 error node v0.12.2
44 error npm  v2.7.4
45 error Attempt to unlock /opt/node/lib/node_modules/n, which hasn't been locked
46 error If you need help, you may report this error at:
46 error     <https://github.com/npm/npm/issues>
47 verbose exit [ 1, true ]
